libfabric:1803228:1738922658::core:core:ze_hmem_dl_init():474<warn> Failed to dlopen libze_loader.so
libfabric:1803228:1738922658::core:core:ofi_hmem_init():339<warn> Failed to initialize hmem iface FI_HMEM_ZE: No data available
libfabric:1803229:1738922658::core:core:ze_hmem_dl_init():474<warn> Failed to dlopen libze_loader.so
libfabric:1803229:1738922658::core:core:ofi_hmem_init():339<warn> Failed to initialize hmem iface FI_HMEM_ZE: No data available
libfabric:1803228:1738922659::core:core:ze_hmem_dl_init():474<warn> Failed to dlopen libze_loader.so
libfabric:1803228:1738922659::core:core:ofi_hmem_init():339<warn> Failed to initialize hmem iface FI_HMEM_ZE: No data available
libfabric:1803229:1738922659::core:core:ze_hmem_dl_init():474<warn> Failed to dlopen libze_loader.so
libfabric:1803229:1738922659::core:core:ofi_hmem_init():339<warn> Failed to initialize hmem iface FI_HMEM_ZE: No data available
libfabric:1803228:1738922659::core:core:ze_hmem_dl_init():474<warn> Failed to dlopen libze_loader.so
libfabric:1803228:1738922659::core:core:fi_getinfo_():1185<warn> fi_getinfo: provider ofi_rxm returned -61 (No data available)
libfabric:1803228:1738922659::core:core:fi_getinfo_():1185<warn> fi_getinfo: provider ofi_rxd returned -61 (No data available)
libfabric:1803229:1738922659::core:core:ze_hmem_dl_init():474<warn> Failed to dlopen libze_loader.so
libfabric:1803229:1738922659::core:core:fi_getinfo_():1185<warn> fi_getinfo: provider ofi_rxm returned -61 (No data available)
libfabric:1803229:1738922659::core:core:fi_getinfo_():1185<warn> fi_getinfo: provider ofi_rxd returned -61 (No data available)
libfabric:1803228:1738922659::core:core:fi_getinfo_():1185<warn> fi_getinfo: provider ofi_rxm returned -61 (No data available)
libfabric:1803228:1738922659::core:core:fi_getinfo_():1185<warn> fi_getinfo: provider ofi_rxd returned -61 (No data available)
libfabric:1803229:1738922659::core:core:fi_getinfo_():1185<warn> fi_getinfo: provider ofi_rxm returned -61 (No data available)
libfabric:1803229:1738922659::core:core:fi_getinfo_():1185<warn> fi_getinfo: provider ofi_rxd returned -61 (No data available)
libfabric:1803228:1738922659::cxi:domain:cxip_domain_enable():142<warn> x3208c0s31b1n0: Security Issue: Using unrestricted service ID 1 for cxi0. Please provide a service ID via auth_key fields.
libfabric:1803228:1738922659::cxi:cq:ofi_check_cq_attr():189<warn> signaling vector ignored
libfabric:1803229:1738922659::cxi:domain:cxip_domain_enable():142<warn> x3208c0s31b1n0: Security Issue: Using unrestricted service ID 1 for cxi0. Please provide a service ID via auth_key fields.
libfabric:1803229:1738922659::cxi:cq:ofi_check_cq_attr():189<warn> signaling vector ignored
# [2555896.517153] mercury->addr [error] /var/tmp/pbs.3097831.polaris-pbs-01.hsn.cm.polaris.alcf.anl.gov/agueroudji/spack-stage/spack-stage-mercury-2.4.0rc5-f2ewbzqypqzpcqswav4qzh3irbomhlno/spack-src/src/mercury.c:1703 HG_Addr_self() NULL HG class
# [2555896.517163] mercury->addr [error] /var/tmp/pbs.3097831.polaris-pbs-01.hsn.cm.polaris.alcf.anl.gov/agueroudji/spack-stage/spack-stage-mercury-2.4.0rc5-f2ewbzqypqzpcqswav4qzh3irbomhlno/spack-src/src/mercury.c:1755 HG_Addr_to_string() NULL HG class
# [2555896.517166] mercury->addr [error] /var/tmp/pbs.3097831.polaris-pbs-01.hsn.cm.polaris.alcf.anl.gov/agueroudji/spack-stage/spack-stage-mercury-2.4.0rc5-f2ewbzqypqzpcqswav4qzh3irbomhlno/spack-src/src/mercury.c:1665 HG_Addr_free() NULL HG class
# [2555896.517701] mercury->addr [error] /var/tmp/pbs.3097831.polaris-pbs-01.hsn.cm.polaris.alcf.anl.gov/agueroudji/spack-stage/spack-stage-mercury-2.4.0rc5-f2ewbzqypqzpcqswav4qzh3irbomhlno/spack-src/src/mercury.c:1703 HG_Addr_self() NULL HG class
# [2555896.517714] mercury->addr [error] /var/tmp/pbs.3097831.polaris-pbs-01.hsn.cm.polaris.alcf.anl.gov/agueroudji/spack-stage/spack-stage-mercury-2.4.0rc5-f2ewbzqypqzpcqswav4qzh3irbomhlno/spack-src/src/mercury.c:1755 HG_Addr_to_string() NULL HG class
# [2555896.517718] mercury->addr [error] /var/tmp/pbs.3097831.polaris-pbs-01.hsn.cm.polaris.alcf.anl.gov/agueroudji/spack-stage/spack-stage-mercury-2.4.0rc5-f2ewbzqypqzpcqswav4qzh3irbomhlno/spack-src/src/mercury.c:1665 HG_Addr_free() NULL HG class
