libfabric:1450534:1738922519::core:core:ze_hmem_dl_init():474<warn> Failed to dlopen libze_loader.so
libfabric:1450533:1738922519::core:core:ze_hmem_dl_init():474<warn> Failed to dlopen libze_loader.so
libfabric:1450533:1738922519::core:core:ofi_hmem_init():339<warn> Failed to initialize hmem iface FI_HMEM_ZE: No data available
libfabric:1450534:1738922519::core:core:ofi_hmem_init():339<warn> Failed to initialize hmem iface FI_HMEM_ZE: No data available
libfabric:1450533:1738922519::core:core:ze_hmem_dl_init():474<warn> Failed to dlopen libze_loader.so
libfabric:1450533:1738922519::core:core:ofi_hmem_init():339<warn> Failed to initialize hmem iface FI_HMEM_ZE: No data available
libfabric:1450534:1738922519::core:core:ze_hmem_dl_init():474<warn> Failed to dlopen libze_loader.so
libfabric:1450534:1738922519::core:core:ofi_hmem_init():339<warn> Failed to initialize hmem iface FI_HMEM_ZE: No data available
libfabric:1450534:1738922519::core:core:ze_hmem_dl_init():474<warn> Failed to dlopen libze_loader.so
libfabric:1450533:1738922519::core:core:ze_hmem_dl_init():474<warn> Failed to dlopen libze_loader.so
libfabric:1450533:1738922519::core:core:fi_getinfo_():1185<warn> fi_getinfo: provider ofi_rxm returned -61 (No data available)
libfabric:1450533:1738922519::core:core:fi_getinfo_():1185<warn> fi_getinfo: provider ofi_rxd returned -61 (No data available)
libfabric:1450534:1738922519::core:core:fi_getinfo_():1185<warn> fi_getinfo: provider ofi_rxm returned -61 (No data available)
libfabric:1450534:1738922519::core:core:fi_getinfo_():1185<warn> fi_getinfo: provider ofi_rxd returned -61 (No data available)
libfabric:1450534:1738922519::core:core:fi_getinfo_():1185<warn> fi_getinfo: provider ofi_rxm returned -61 (No data available)
libfabric:1450534:1738922519::core:core:fi_getinfo_():1185<warn> fi_getinfo: provider ofi_rxd returned -61 (No data available)
libfabric:1450533:1738922519::core:core:fi_getinfo_():1185<warn> fi_getinfo: provider ofi_rxm returned -61 (No data available)
libfabric:1450533:1738922519::core:core:fi_getinfo_():1185<warn> fi_getinfo: provider ofi_rxd returned -61 (No data available)
libfabric:1450534:1738922519::cxi:domain:cxip_domain_enable():142<warn> x3204c0s25b1n0: Security Issue: Using unrestricted service ID 1 for cxi0. Please provide a service ID via auth_key fields.
libfabric:1450534:1738922519::cxi:cq:ofi_check_cq_attr():189<warn> signaling vector ignored
libfabric:1450533:1738922519::cxi:domain:cxip_domain_enable():142<warn> x3204c0s25b1n0: Security Issue: Using unrestricted service ID 1 for cxi0. Please provide a service ID via auth_key fields.
libfabric:1450533:1738922519::cxi:cq:ofi_check_cq_attr():189<warn> signaling vector ignored
# [2555747.502915] mercury->addr [error] /var/tmp/pbs.3097831.polaris-pbs-01.hsn.cm.polaris.alcf.anl.gov/agueroudji/spack-stage/spack-stage-mercury-2.4.0rc5-f2ewbzqypqzpcqswav4qzh3irbomhlno/spack-src/src/mercury.c:1703 HG_Addr_self() NULL HG class
# [2555747.502929] mercury->addr [error] /var/tmp/pbs.3097831.polaris-pbs-01.hsn.cm.polaris.alcf.anl.gov/agueroudji/spack-stage/spack-stage-mercury-2.4.0rc5-f2ewbzqypqzpcqswav4qzh3irbomhlno/spack-src/src/mercury.c:1755 HG_Addr_to_string() NULL HG class
# [2555747.502933] mercury->addr [error] /var/tmp/pbs.3097831.polaris-pbs-01.hsn.cm.polaris.alcf.anl.gov/agueroudji/spack-stage/spack-stage-mercury-2.4.0rc5-f2ewbzqypqzpcqswav4qzh3irbomhlno/spack-src/src/mercury.c:1665 HG_Addr_free() NULL HG class
# [2555747.503471] mercury->addr [error] /var/tmp/pbs.3097831.polaris-pbs-01.hsn.cm.polaris.alcf.anl.gov/agueroudji/spack-stage/spack-stage-mercury-2.4.0rc5-f2ewbzqypqzpcqswav4qzh3irbomhlno/spack-src/src/mercury.c:1703 HG_Addr_self() NULL HG class
# [2555747.503488] mercury->addr [error] /var/tmp/pbs.3097831.polaris-pbs-01.hsn.cm.polaris.alcf.anl.gov/agueroudji/spack-stage/spack-stage-mercury-2.4.0rc5-f2ewbzqypqzpcqswav4qzh3irbomhlno/spack-src/src/mercury.c:1755 HG_Addr_to_string() NULL HG class
# [2555747.503492] mercury->addr [error] /var/tmp/pbs.3097831.polaris-pbs-01.hsn.cm.polaris.alcf.anl.gov/agueroudji/spack-stage/spack-stage-mercury-2.4.0rc5-f2ewbzqypqzpcqswav4qzh3irbomhlno/spack-src/src/mercury.c:1665 HG_Addr_free() NULL HG class
