libfabric:1440517:1738921405::core:core:ze_hmem_dl_init():474<warn> Failed to dlopen libze_loader.so
libfabric:1440517:1738921405::core:core:ofi_hmem_init():339<warn> Failed to initialize hmem iface FI_HMEM_ZE: No data available
libfabric:1440517:1738921405::core:core:ze_hmem_dl_init():474<warn> Failed to dlopen libze_loader.so
libfabric:1440517:1738921405::core:core:ofi_hmem_init():339<warn> Failed to initialize hmem iface FI_HMEM_ZE: No data available
libfabric:1440517:1738921405::core:core:ze_hmem_dl_init():474<warn> Failed to dlopen libze_loader.so
libfabric:1440517:1738921405::core:core:fi_getinfo_():1185<warn> fi_getinfo: provider ofi_rxm returned -61 (No data available)
libfabric:1440517:1738921405::core:core:fi_getinfo_():1185<warn> fi_getinfo: provider ofi_rxd returned -61 (No data available)
libfabric:1440517:1738921405::core:core:fi_getinfo_():1185<warn> fi_getinfo: provider ofi_rxm returned -61 (No data available)
libfabric:1440517:1738921405::core:core:fi_getinfo_():1185<warn> fi_getinfo: provider ofi_rxd returned -61 (No data available)
libfabric:1440517:1738921405::cxi:domain:cxip_domain_enable():142<warn> x3203c0s31b0n0: Security Issue: Using unrestricted service ID 1 for cxi0. Please provide a service ID via auth_key fields.
libfabric:1440517:1738921405::cxi:cq:ofi_check_cq_attr():189<warn> signaling vector ignored
libfabric:1440517:1738921598::cxi:ep_data:cxip_rma_common():776<warn> x3203c0s31b0n0: TXC (0x391e:0): DMA RMA read failed: buf=0x14c787c1b3c4 len=20548 rkey=0xe1871c7ff6f06401 roffset=0 nic=0x397d pid=0 pid_idx=129
libfabric:1440517:1738921752::cxi:ep_data:cxip_rma_common():776<warn> x3203c0s31b0n0: TXC (0x391e:0): DMA RMA read failed: buf=0x14c786d0d7c4 len=20548 rkey=0xe1871c7ff2e80c01 roffset=0 nic=0x397d pid=0 pid_idx=129
libfabric:1440517:1738921906::cxi:ep_data:cxip_rma_common():776<warn> x3203c0s31b0n0: TXC (0x391e:0): DMA RMA read failed: buf=0x14c787211bc4 len=20548 rkey=0xe1871c7feee43401 roffset=0 nic=0x397d pid=0 pid_idx=129
libfabric:1440517:1738922059::cxi:ep_data:cxip_rma_common():776<warn> x3203c0s31b0n0: TXC (0x391e:0): DMA RMA read failed: buf=0x14c784ef2fc4 len=20548 rkey=0xe1871c7ffabc5c01 roffset=0 nic=0x397d pid=0 pid_idx=129
libfabric:1440517:1738922213::cxi:ep_data:cxip_rma_common():776<warn> x3203c0s31b0n0: TXC (0x391e:0): DMA RMA read failed: buf=0x14c7853f73c4 len=20548 rkey=0xe1871c7ff6b40401 roffset=0 nic=0x397d pid=0 pid_idx=129
libfabric:1440517:1738922359::cxi:ep_data:cxip_rma_common():776<warn> x3203c0s31b0n0: TXC (0x391e:0): DMA RMA read failed: buf=0x2d67fa0 len=20480 rkey=0xe15720fff2301201 roffset=0 nic=0x397d pid=0 pid_idx=129
libfabric:1440517:1738922359::cxi:ep_data:cxip_rma_common():776<warn> x3203c0s31b0n0: TXC (0x391e:0): DMA RMA read failed: buf=0x3267fa0 len=20480 rkey=0xe15720fff22c1481 roffset=0 nic=0x397d pid=0 pid_idx=129
libfabric:1440517:1738922359::cxi:ep_data:cxip_rma_common():776<warn> x3203c0s31b0n0: TXC (0x391e:0): DMA RMA read failed: buf=0x14c782be1010 len=20480 rkey=0xe15720fff3205401 roffset=0 nic=0x397d pid=0 pid_idx=129
libfabric:1440517:1738922359::cxi:ep_data:cxip_rma_common():776<warn> x3203c0s31b0n0: TXC (0x391e:0): DMA RMA read failed: buf=0x14c7830e1010 len=20480 rkey=0xe15720fff88c0b81 roffset=0 nic=0x397d pid=0 pid_idx=129
libfabric:1440517:1738922360::cxi:ep_data:cxip_rma_common():776<warn> x3203c0s31b0n0: TXC (0x391e:0): DMA RMA read failed: buf=0x14c7835e1010 len=20480 rkey=0xe15720ffef3c7601 roffset=0 nic=0x397d pid=0 pid_idx=129
