libfabric:1635850:1738922590::core:core:ze_hmem_dl_init():474<warn> Failed to dlopen libze_loader.so
libfabric:1635850:1738922590::core:core:ofi_hmem_init():339<warn> Failed to initialize hmem iface FI_HMEM_ZE: No data available
libfabric:1635851:1738922590::core:core:ze_hmem_dl_init():474<warn> Failed to dlopen libze_loader.so
libfabric:1635851:1738922590::core:core:ofi_hmem_init():339<warn> Failed to initialize hmem iface FI_HMEM_ZE: No data available
libfabric:1635850:1738922590::core:core:ze_hmem_dl_init():474<warn> Failed to dlopen libze_loader.so
libfabric:1635850:1738922590::core:core:ofi_hmem_init():339<warn> Failed to initialize hmem iface FI_HMEM_ZE: No data available
libfabric:1635851:1738922590::core:core:ze_hmem_dl_init():474<warn> Failed to dlopen libze_loader.so
libfabric:1635851:1738922590::core:core:ofi_hmem_init():339<warn> Failed to initialize hmem iface FI_HMEM_ZE: No data available
libfabric:1635851:1738922590::core:core:ze_hmem_dl_init():474<warn> Failed to dlopen libze_loader.so
libfabric:1635850:1738922590::core:core:ze_hmem_dl_init():474<warn> Failed to dlopen libze_loader.so
libfabric:1635850:1738922590::core:core:fi_getinfo_():1185<warn> fi_getinfo: provider ofi_rxm returned -61 (No data available)
libfabric:1635850:1738922590::core:core:fi_getinfo_():1185<warn> fi_getinfo: provider ofi_rxd returned -61 (No data available)
libfabric:1635851:1738922590::core:core:fi_getinfo_():1185<warn> fi_getinfo: provider ofi_rxm returned -61 (No data available)
libfabric:1635851:1738922590::core:core:fi_getinfo_():1185<warn> fi_getinfo: provider ofi_rxd returned -61 (No data available)
libfabric:1635851:1738922590::core:core:fi_getinfo_():1185<warn> fi_getinfo: provider ofi_rxm returned -61 (No data available)
libfabric:1635851:1738922590::core:core:fi_getinfo_():1185<warn> fi_getinfo: provider ofi_rxd returned -61 (No data available)
libfabric:1635850:1738922590::core:core:fi_getinfo_():1185<warn> fi_getinfo: provider ofi_rxm returned -61 (No data available)
libfabric:1635850:1738922590::core:core:fi_getinfo_():1185<warn> fi_getinfo: provider ofi_rxd returned -61 (No data available)
libfabric:1635851:1738922590::cxi:domain:cxip_domain_enable():142<warn> x3204c0s7b1n0: Security Issue: Using unrestricted service ID 1 for cxi0. Please provide a service ID via auth_key fields.
libfabric:1635851:1738922590::cxi:cq:ofi_check_cq_attr():189<warn> signaling vector ignored
libfabric:1635850:1738922590::cxi:domain:cxip_domain_enable():142<warn> x3204c0s7b1n0: Security Issue: Using unrestricted service ID 1 for cxi0. Please provide a service ID via auth_key fields.
libfabric:1635850:1738922590::cxi:cq:ofi_check_cq_attr():189<warn> signaling vector ignored
# [2555819.926855] mercury->addr [error] /var/tmp/pbs.3097831.polaris-pbs-01.hsn.cm.polaris.alcf.anl.gov/agueroudji/spack-stage/spack-stage-mercury-2.4.0rc5-f2ewbzqypqzpcqswav4qzh3irbomhlno/spack-src/src/mercury.c:1703 HG_Addr_self() NULL HG class
# [2555819.926875] mercury->addr [error] /var/tmp/pbs.3097831.polaris-pbs-01.hsn.cm.polaris.alcf.anl.gov/agueroudji/spack-stage/spack-stage-mercury-2.4.0rc5-f2ewbzqypqzpcqswav4qzh3irbomhlno/spack-src/src/mercury.c:1755 HG_Addr_to_string() NULL HG class
# [2555819.926881] mercury->addr [error] /var/tmp/pbs.3097831.polaris-pbs-01.hsn.cm.polaris.alcf.anl.gov/agueroudji/spack-stage/spack-stage-mercury-2.4.0rc5-f2ewbzqypqzpcqswav4qzh3irbomhlno/spack-src/src/mercury.c:1665 HG_Addr_free() NULL HG class
# [2555819.927561] mercury->addr [error] /var/tmp/pbs.3097831.polaris-pbs-01.hsn.cm.polaris.alcf.anl.gov/agueroudji/spack-stage/spack-stage-mercury-2.4.0rc5-f2ewbzqypqzpcqswav4qzh3irbomhlno/spack-src/src/mercury.c:1703 HG_Addr_self() NULL HG class
# [2555819.927590] mercury->addr [error] /var/tmp/pbs.3097831.polaris-pbs-01.hsn.cm.polaris.alcf.anl.gov/agueroudji/spack-stage/spack-stage-mercury-2.4.0rc5-f2ewbzqypqzpcqswav4qzh3irbomhlno/spack-src/src/mercury.c:1755 HG_Addr_to_string() NULL HG class
# [2555819.927594] mercury->addr [error] /var/tmp/pbs.3097831.polaris-pbs-01.hsn.cm.polaris.alcf.anl.gov/agueroudji/spack-stage/spack-stage-mercury-2.4.0rc5-f2ewbzqypqzpcqswav4qzh3irbomhlno/spack-src/src/mercury.c:1665 HG_Addr_free() NULL HG class
